<?xml version="1.0" encoding="UTF-8"?>
<!-- Generated by org.testng.reporters.JUnitReportReporter -->
<testsuite hostname="TYSS-Sumanth-Chinivar" failures="1" tests="1"
	name="runners.FailedRunner" time="8.327" errors="0"
	timestamp="2024-08-22T18:09:39 IST" skipped="0">
	<testcase classname="runners.FailedRunner" name="runScenario" time="8.327">
		<failure message="expected [true] but found [false]"
			type="java.lang.AssertionError">
      <![CDATA[java.lang.AssertionError: expected [true] but found [false]
at org.testng.Assert.fail(Assert.java:111)
at org.testng.Assert.failNotEquals(Assert.java:1578)
at org.testng.Assert.assertTrue(Assert.java:57)
at org.testng.Assert.assertTrue(Assert.java:67)
at stepDefinition.SearchData.search_page_is_displayed(SearchData.java:29)
at âœ½.search page is displayed(file:///C:/Users/user/eclipse-workspace/LearningBDDFrameWork/./src/test/resources/featureFiles/SearchData.feature:8)
]]>
    </failure>
	</testcase> <!--
	runScenario -->
</testsuite> <!--
runners.FailedRunner -->
