<?xml version="1.0" encoding="UTF-8"?>
<!-- Generated by org.testng.reporters.JUnitXMLReporter -->
<testsuite ignored="0" hostname="TYSS-Sumanth-Chinivar" failures="2" tests="3" name="Test" time="5.034" errors="0" timestamp="2024-10-25T12:02:22 IST">
  <testcase classname="io.cucumber.testng.AbstractTestNGCucumberTests" name="runScenario" time="3.238">
    <failure type="java.lang.AssertionError" message="expected [https://www.saucedemo.com/] but found [data:,]">
      <![CDATA[java.lang.AssertionError: expected [https://www.saucedemo.com/] but found [data:,]
at stepDefinition.LoginLogout.browser_is_launched_and_url_is_navigated(LoginLogout.java:29)
at ✽.Browser is launched and url is navigated(file:///C:/Users/user/eclipse-workspace/LearningBDDFrameWork2/./src/test/resources/featureFiles/LoginLogout.feature:5)
... Removed 6 stack frames]]>
    </failure>
  </testcase> <!-- runScenario -->
  <testcase classname="io.cucumber.testng.AbstractTestNGCucumberTests" name="runScenario" time="3.238">
    <failure type="java.lang.AssertionError" message="expected [https://www.saucedemo.com/] but found [data:,]">
      <![CDATA[java.lang.AssertionError: expected [https://www.saucedemo.com/] but found [data:,]
at stepDefinition.LoginLogout.browser_is_launched_and_url_is_navigated(LoginLogout.java:29)
at ✽.Browser is launched and url is navigated(file:///C:/Users/user/eclipse-workspace/LearningBDDFrameWork2/./src/test/resources/featureFiles/BuyProduct.feature:5)
... Removed 6 stack frames]]>
    </failure>
  </testcase> <!-- runScenario -->
  <testcase classname="io.cucumber.testng.AbstractTestNGCucumberTests" name="runScenario" time="4.3"/>
</testsuite> <!-- Test -->
